2021-11-13 14:39:11,065:INFO:PyCaret Supervised Module
2021-11-13 14:39:11,066:INFO:ML Usecase: regression
2021-11-13 14:39:11,066:INFO:version 2.2.3
2021-11-13 14:39:11,066:INFO:Initializing setup()
2021-11-13 14:39:11,066:INFO:setup(target=influent_flow_imp, ml_usecase=regression, available_plots={'parameter': 'Hyperparameters', 'residuals': 'Residuals', 'error': 'Prediction Error', 'cooks': 'Cooks Distance', 'rfe': 'Feature Selection', 'learning': 'Learning Curve', 'manifold': 'Manifold Learning', 'vc': 'Validation Curve', 'feature': 'Feature Importance', 'feature_all': 'Feature Importance (All)', 'tree': 'Decision Tree'}, train_size=0.7, test_data=None, preprocess=True, imputation_type=iterative, iterative_imputation_iters=5, categorical_features=None, categorical_imputation=constant, categorical_iterative_imputer=lightgbm, ordinal_features=None, high_cardinality_features=None, high_cardinality_method=frequency, numeric_features=None, numeric_imputation=mean, numeric_iterative_imputer=lightgbm, date_features=None, ignore_features=None, normalize=True, normalize_method=zscore, transformation=False, transformation_method=yeo-johnson, handle_unknown_categorical=True, unknown_categorical_method=least_frequent, pca=False, pca_method=linear, pca_components=None, ignore_low_variance=False, combine_rare_levels=False, rare_level_threshold=0.1, bin_numeric_features=None, remove_outliers=False, outliers_threshold=0.05, remove_multicollinearity=False, multicollinearity_threshold=0.9, remove_perfect_collinearity=True, create_clusters=False, cluster_iter=20, polynomial_features=False, polynomial_degree=2, trigonometry_features=False, polynomial_threshold=0.1, group_features=None, group_names=None, feature_selection=False, feature_selection_threshold=0.8, feature_selection_method=classic, feature_interaction=False, feature_ratio=False, interaction_threshold=0.01, fix_imbalance=False, fix_imbalance_method=None, transform_target=False, transform_target_method=box-cox, data_split_shuffle=True, data_split_stratify=False, fold_strategy=kfold, fold=10, fold_shuffle=True, fold_groups=None, n_jobs=-1, use_gpu=False, custom_pipeline=None, html=True, session_id=None, log_experiment=False, experiment_name=None, log_plots=False, log_profile=False, log_data=False, silent=False, verbose=True, profile=False, profile_kwargs=None, display=None)
2021-11-13 14:39:11,070:INFO:Checking environment
2021-11-13 14:39:11,070:INFO:python_version: 3.8.8
2021-11-13 14:39:11,070:INFO:python_build: ('default', 'Apr 13 2021 15:08:03')
2021-11-13 14:39:11,070:INFO:machine: AMD64
2021-11-13 14:39:11,070:INFO:platform: Windows-10-10.0.19041-SP0
2021-11-13 14:39:11,070:INFO:Memory: svmem(total=8354422784, available=3072446464, percent=63.2, used=5281976320, free=3072446464)
2021-11-13 14:39:11,070:INFO:Physical Core: 4
2021-11-13 14:39:11,070:INFO:Logical Core: 8
2021-11-13 14:39:11,070:INFO:Checking libraries
2021-11-13 14:39:11,070:INFO:pd==1.2.4
2021-11-13 14:39:11,070:INFO:numpy==1.20.1
2021-11-13 14:39:11,070:INFO:sklearn==0.24.1
2021-11-13 14:39:11,523:INFO:xgboost==1.5.0
2021-11-13 14:39:11,523:INFO:lightgbm==3.2.1
2021-11-13 14:39:11,633:INFO:catboost==1.0.3
2021-11-13 14:39:13,426:INFO:mlflow==1.7.0
2021-11-13 14:39:13,426:INFO:Checking Exceptions
2021-11-13 14:39:13,426:INFO:Declaring global variables
2021-11-13 14:39:13,426:INFO:USI: c042
2021-11-13 14:39:13,426:INFO:pycaret_globals: {'html_param', 'experiment__', 'prep_pipe', 'fold_groups_param', 'y_train', 'n_jobs_param', 'data_before_preprocess', 'stratify_param', 'fold_generator', 'y', 'log_plots_param', 'imputation_regressor', 'pycaret_globals', 'X', 'master_model_container', 'transform_target_method_param', 'transform_target_param', '_all_models', '_available_plots', 'exp_name_log', 'logging_param', 'X_test', '_internal_pipeline', '_gpu_n_jobs_param', 'seed', 'create_model_container', '_all_models_internal', 'iterative_imputation_iters_param', 'gpu_param', 'X_train', 'USI', 'y_test', '_all_metrics', 'target_param', '_ml_usecase', 'display_container', 'imputation_classifier', 'fold_param', 'fix_imbalance_param', 'fix_imbalance_method_param', 'fold_shuffle_param'}
2021-11-13 14:39:13,426:INFO:Preparing display monitor
2021-11-13 14:39:13,426:INFO:Preparing display monitor
2021-11-13 14:39:13,445:INFO:Importing libraries
2021-11-13 14:39:13,446:INFO:Copying data for preprocessing
2021-11-13 14:39:13,460:INFO:Declaring preprocessing parameters
2021-11-13 14:39:13,464:INFO:Setting up iterative imputation
2021-11-13 14:39:13,813:INFO:Creating preprocessing pipeline
2021-11-13 14:39:13,873:INFO:Preprocessing pipeline created successfully
2021-11-13 14:39:13,873:ERROR:(Process Exit): setup has been interupted with user command 'quit'. setup must rerun.
2021-11-13 14:39:13,877:INFO:Creating global containers
2021-11-13 14:39:13,878:INFO:Internal pipeline: Pipeline(memory=None, steps=[('empty_step', 'passthrough')], verbose=False)
2021-11-13 14:39:17,968:INFO:Creating grid variables
2021-11-13 14:39:17,994:INFO:create_model_container: 0
2021-11-13 14:39:17,994:INFO:master_model_container: 0
2021-11-13 14:39:17,994:INFO:display_container: 1
2021-11-21 22:03:47,764:INFO:PyCaret Supervised Module
2021-11-21 22:03:47,764:INFO:ML Usecase: regression
2021-11-21 22:03:47,764:INFO:version 2.2.3
2021-11-21 22:03:47,764:INFO:Initializing setup()
2021-11-21 22:03:47,764:INFO:setup(target=influent_flow_imp, ml_usecase=regression, available_plots={'parameter': 'Hyperparameters', 'residuals': 'Residuals', 'error': 'Prediction Error', 'cooks': 'Cooks Distance', 'rfe': 'Feature Selection', 'learning': 'Learning Curve', 'manifold': 'Manifold Learning', 'vc': 'Validation Curve', 'feature': 'Feature Importance', 'feature_all': 'Feature Importance (All)', 'tree': 'Decision Tree'}, train_size=0.7, test_data=None, preprocess=True, imputation_type=simple, iterative_imputation_iters=5, categorical_features=None, categorical_imputation=constant, categorical_iterative_imputer=lightgbm, ordinal_features=None, high_cardinality_features=None, high_cardinality_method=frequency, numeric_features=None, numeric_imputation=mean, numeric_iterative_imputer=lightgbm, date_features=None, ignore_features=None, normalize=True, normalize_method=zscore, transformation=False, transformation_method=yeo-johnson, handle_unknown_categorical=True, unknown_categorical_method=least_frequent, pca=False, pca_method=linear, pca_components=None, ignore_low_variance=False, combine_rare_levels=False, rare_level_threshold=0.1, bin_numeric_features=None, remove_outliers=False, outliers_threshold=0.05, remove_multicollinearity=False, multicollinearity_threshold=0.9, remove_perfect_collinearity=True, create_clusters=False, cluster_iter=20, polynomial_features=False, polynomial_degree=2, trigonometry_features=False, polynomial_threshold=0.1, group_features=None, group_names=None, feature_selection=False, feature_selection_threshold=0.8, feature_selection_method=classic, feature_interaction=False, feature_ratio=False, interaction_threshold=0.01, fix_imbalance=False, fix_imbalance_method=None, transform_target=False, transform_target_method=box-cox, data_split_shuffle=True, data_split_stratify=False, fold_strategy=kfold, fold=10, fold_shuffle=False, fold_groups=None, n_jobs=-1, use_gpu=False, custom_pipeline=None, html=True, session_id=123, log_experiment=False, experiment_name=None, log_plots=False, log_profile=False, log_data=False, silent=False, verbose=True, profile=False, profile_kwargs=None, display=None)
2021-11-21 22:03:47,764:INFO:Checking environment
2021-11-21 22:03:47,764:INFO:python_version: 3.8.8
2021-11-21 22:03:47,764:INFO:python_build: ('default', 'Apr 13 2021 15:08:03')
2021-11-21 22:03:47,764:INFO:machine: AMD64
2021-11-21 22:03:47,764:INFO:platform: Windows-10-10.0.19041-SP0
2021-11-21 22:03:47,764:INFO:Memory: svmem(total=8354422784, available=3267452928, percent=60.9, used=5086969856, free=3267452928)
2021-11-21 22:03:47,764:INFO:Physical Core: 4
2021-11-21 22:03:47,764:INFO:Logical Core: 8
2021-11-21 22:03:47,764:INFO:Checking libraries
2021-11-21 22:03:47,764:INFO:pd==1.1.3
2021-11-21 22:03:47,764:INFO:numpy==1.21.2
2021-11-21 22:03:47,780:INFO:sklearn==0.23.2
2021-11-21 22:03:48,639:INFO:xgboost==1.5.0
2021-11-21 22:03:48,639:INFO:lightgbm==3.2.1
2021-11-21 22:03:49,879:INFO:catboost==1.0.3
2021-11-21 22:03:51,894:INFO:mlflow==1.7.0
2021-11-21 22:03:51,894:INFO:Checking Exceptions
2021-11-21 22:03:51,894:INFO:Declaring global variables
2021-11-21 22:03:51,894:INFO:USI: 32d4
2021-11-21 22:03:51,894:INFO:pycaret_globals: {'pycaret_globals', 'html_param', 'data_before_preprocess', 'display_container', '_all_metrics', 'prep_pipe', 'master_model_container', '_internal_pipeline', 'fold_param', 'imputation_classifier', 'stratify_param', 'fold_shuffle_param', '_available_plots', '_gpu_n_jobs_param', 'create_model_container', 'exp_name_log', 'transform_target_param', 'imputation_regressor', 'X_test', 'fold_groups_param', 'logging_param', 'y_test', 'n_jobs_param', 'fix_imbalance_param', 'log_plots_param', 'transform_target_method_param', '_all_models_internal', 'iterative_imputation_iters_param', 'experiment__', 'y', 'target_param', 'fold_generator', '_all_models', 'fix_imbalance_method_param', 'y_train', 'USI', 'seed', 'X_train', 'gpu_param', 'X', '_ml_usecase'}
2021-11-21 22:03:51,894:INFO:Preparing display monitor
2021-11-21 22:03:51,894:INFO:Preparing display monitor
2021-11-21 22:03:51,894:INFO:Importing libraries
2021-11-21 22:03:51,894:INFO:Copying data for preprocessing
2021-11-21 22:03:51,909:INFO:Declaring preprocessing parameters
2021-11-21 22:03:51,909:INFO:Creating preprocessing pipeline
2021-11-21 22:03:51,972:INFO:Preprocessing pipeline created successfully
2021-11-21 22:03:51,972:ERROR:(Process Exit): setup has been interupted with user command 'quit'. setup must rerun.
2021-11-21 22:03:51,972:INFO:Creating global containers
2021-11-21 22:03:52,003:INFO:Internal pipeline: Pipeline(memory=None, steps=[('empty_step', 'passthrough')], verbose=False)
2021-11-21 22:04:00,614:INFO:Creating grid variables
2021-11-21 22:04:00,661:INFO:create_model_container: 0
2021-11-21 22:04:00,661:INFO:master_model_container: 0
2021-11-21 22:04:00,661:INFO:display_container: 1
2021-11-21 22:04:00,661:INFO:Pipeline(memory=None,
         steps=[('dtypes',
                 DataTypes_Auto_infer(categorical_features=[],
                                      display_types=True, features_todrop=[],
                                      id_columns=[], ml_usecase='regression',
                                      numerical_features=[],
                                      target='influent_flow_imp',
                                      time_features=[])),
                ('imputer',
                 Simple_Imputer(categorical_strategy='not_available',
                                fill_value_categorical=None,
                                fill_value_numerical=None,
                                numeri...
                ('P_transform', 'passthrough'), ('binn', 'passthrough'),
                ('rem_outliers', 'passthrough'), ('cluster_all', 'passthrough'),
                ('dummy', Dummify(target='influent_flow_imp')),
                ('fix_perfect', Remove_100(target='influent_flow_imp')),
                ('clean_names', Clean_Colum_Names()),
                ('feature_select', 'passthrough'), ('fix_multi', 'passthrough'),
                ('dfs', 'passthrough'), ('pca', 'passthrough')],
         verbose=False)
2021-11-21 22:04:00,661:INFO:setup() succesfully completed......................................
2021-11-21 22:04:08,732:INFO:Initializing compare_models()
2021-11-21 22:04:08,732:INFO:compare_models(include=None, fold=None, round=4, cross_validation=True, sort=R2, n_select=1, budget_time=None, turbo=True, errors=ignore, fit_kwargs=None, groups=None, verbose=True, display=None, exclude=None)
2021-11-21 22:04:08,732:INFO:Checking exceptions
2021-11-21 22:04:08,732:INFO:Preparing display monitor
2021-11-21 22:04:08,732:INFO:Preparing display monitor
2021-11-21 22:04:08,748:INFO:Initializing Linear Regression
2021-11-21 22:04:08,748:INFO:Total runtime is 0.0 minutes
2021-11-21 22:04:08,763:INFO:SubProcess create_model() called ==================================
2021-11-21 22:04:08,763:INFO:Initializing create_model()
2021-11-21 22:04:08,763:INFO:create_model(estimator=lr, fold=KFold(n_splits=10, random_state=123, shuffle=False), round=4, cross_validation=True, predict=True, fit_kwargs={}, groups=None, refit=False, verbose=False, system=False, metrics=None, display=<pycaret.internal.Display.Display object at 0x000001EA1D9985B0>, kwargs={})
2021-11-21 22:04:08,763:INFO:Checking exceptions
2021-11-21 22:04:08,763:INFO:Importing libraries
2021-11-21 22:04:08,763:INFO:Copying training dataset
2021-11-21 22:04:08,763:INFO:Defining folds
2021-11-21 22:04:08,763:INFO:Declaring metric variables
2021-11-21 22:04:08,763:INFO:Importing untrained model
2021-11-21 22:04:08,779:INFO:Linear Regression Imported succesfully
2021-11-21 22:04:08,795:INFO:Starting cross validation
2021-11-21 22:04:08,935:INFO:Cross validating with KFold(n_splits=10, random_state=123, shuffle=False), n_jobs=-1
2021-11-21 22:04:14,517:INFO:Calculating mean and std
2021-11-21 22:04:14,517:INFO:Creating metrics dataframe
2021-11-21 22:04:14,517:INFO:Uploading results into container
2021-11-21 22:04:14,532:INFO:Uploading model into container now
2021-11-21 22:04:14,532:INFO:create_model_container: 1
2021-11-21 22:04:14,532:INFO:master_model_container: 1
2021-11-21 22:04:14,532:INFO:display_container: 2
2021-11-21 22:04:14,532:INFO:LinearRegression(copy_X=True, fit_intercept=True, n_jobs=-1, normalize=False)
2021-11-21 22:04:14,532:INFO:create_model() succesfully completed......................................
2021-11-21 22:04:14,626:INFO:SubProcess create_model() end ==================================
2021-11-21 22:04:14,626:INFO:Creating metrics dataframe
2021-11-21 22:04:14,642:INFO:Initializing Lasso Regression
2021-11-21 22:04:14,642:INFO:Total runtime is 0.09822893937428792 minutes
2021-11-21 22:04:14,657:INFO:SubProcess create_model() called ==================================
2021-11-21 22:04:14,657:INFO:Initializing create_model()
2021-11-21 22:04:14,657:INFO:create_model(estimator=lasso, fold=KFold(n_splits=10, random_state=123, shuffle=False), round=4, cross_validation=True, predict=True, fit_kwargs={}, groups=None, refit=False, verbose=False, system=False, metrics=None, display=<pycaret.internal.Display.Display object at 0x000001EA1D9985B0>, kwargs={})
2021-11-21 22:04:14,657:INFO:Checking exceptions
2021-11-21 22:04:14,657:INFO:Importing libraries
2021-11-21 22:04:14,657:INFO:Copying training dataset
2021-11-21 22:04:14,657:INFO:Defining folds
2021-11-21 22:04:14,657:INFO:Declaring metric variables
2021-11-21 22:04:14,673:INFO:Importing untrained model
2021-11-21 22:04:14,673:INFO:Lasso Regression Imported succesfully
2021-11-21 22:04:14,697:INFO:Starting cross validation
2021-11-21 22:04:14,698:INFO:Cross validating with KFold(n_splits=10, random_state=123, shuffle=False), n_jobs=-1
2021-11-21 22:04:16,047:INFO:Calculating mean and std
2021-11-21 22:04:16,048:INFO:Creating metrics dataframe
2021-11-21 22:04:16,053:INFO:Uploading results into container
2021-11-21 22:04:16,053:INFO:Uploading model into container now
2021-11-21 22:04:16,053:INFO:create_model_container: 2
2021-11-21 22:04:16,053:INFO:master_model_container: 2
2021-11-21 22:04:16,053:INFO:display_container: 2
2021-11-21 22:04:16,053:INFO:Lasso(alpha=1.0, copy_X=True, fit_intercept=True, max_iter=1000,
      normalize=False, positive=False, precompute=False, random_state=123,
      selection='cyclic', tol=0.0001, warm_start=False)
2021-11-21 22:04:16,053:INFO:create_model() succesfully completed......................................
2021-11-21 22:04:16,134:INFO:SubProcess create_model() end ==================================
2021-11-21 22:04:16,135:INFO:Creating metrics dataframe
2021-11-21 22:04:16,155:INFO:Initializing Ridge Regression
2021-11-21 22:04:16,155:INFO:Total runtime is 0.12344915469487508 minutes
2021-11-21 22:04:16,163:INFO:SubProcess create_model() called ==================================
2021-11-21 22:04:16,164:INFO:Initializing create_model()
2021-11-21 22:04:16,164:INFO:create_model(estimator=ridge, fold=KFold(n_splits=10, random_state=123, shuffle=False), round=4, cross_validation=True, predict=True, fit_kwargs={}, groups=None, refit=False, verbose=False, system=False, metrics=None, display=<pycaret.internal.Display.Display object at 0x000001EA1D9985B0>, kwargs={})
2021-11-21 22:04:16,164:INFO:Checking exceptions
2021-11-21 22:04:16,164:INFO:Importing libraries
2021-11-21 22:04:16,164:INFO:Copying training dataset
2021-11-21 22:04:16,166:INFO:Defining folds
2021-11-21 22:04:16,166:INFO:Declaring metric variables
2021-11-21 22:04:16,166:INFO:Importing untrained model
2021-11-21 22:04:16,166:INFO:Ridge Regression Imported succesfully
2021-11-21 22:04:16,182:INFO:Starting cross validation
2021-11-21 22:04:16,182:INFO:Cross validating with KFold(n_splits=10, random_state=123, shuffle=False), n_jobs=-1
2021-11-21 22:04:17,090:INFO:Calculating mean and std
2021-11-21 22:04:17,090:INFO:Creating metrics dataframe
2021-11-21 22:04:17,090:INFO:Uploading results into container
2021-11-21 22:04:17,090:INFO:Uploading model into container now
2021-11-21 22:04:17,090:INFO:create_model_container: 3
2021-11-21 22:04:17,090:INFO:master_model_container: 3
2021-11-21 22:04:17,090:INFO:display_container: 2
2021-11-21 22:04:17,090:INFO:Ridge(alpha=1.0, copy_X=True, fit_intercept=True, max_iter=None,
      normalize=False, random_state=123, solver='auto', tol=0.001)
2021-11-21 22:04:17,090:INFO:create_model() succesfully completed......................................
2021-11-21 22:04:17,168:INFO:SubProcess create_model() end ==================================
2021-11-21 22:04:17,168:INFO:Creating metrics dataframe
2021-11-21 22:04:17,183:INFO:Initializing Elastic Net
2021-11-21 22:04:17,183:INFO:Total runtime is 0.14059295256932577 minutes
2021-11-21 22:04:17,199:INFO:SubProcess create_model() called ==================================
2021-11-21 22:04:17,199:INFO:Initializing create_model()
2021-11-21 22:04:17,199:INFO:create_model(estimator=en, fold=KFold(n_splits=10, random_state=123, shuffle=False), round=4, cross_validation=True, predict=True, fit_kwargs={}, groups=None, refit=False, verbose=False, system=False, metrics=None, display=<pycaret.internal.Display.Display object at 0x000001EA1D9985B0>, kwargs={})
2021-11-21 22:04:17,199:INFO:Checking exceptions
2021-11-21 22:04:17,199:INFO:Importing libraries
2021-11-21 22:04:17,199:INFO:Copying training dataset
2021-11-21 22:04:17,199:INFO:Defining folds
2021-11-21 22:04:17,199:INFO:Declaring metric variables
2021-11-21 22:04:17,199:INFO:Importing untrained model
2021-11-21 22:04:17,215:INFO:Elastic Net Imported succesfully
2021-11-21 22:04:17,230:INFO:Starting cross validation
2021-11-21 22:04:17,230:INFO:Cross validating with KFold(n_splits=10, random_state=123, shuffle=False), n_jobs=-1
2021-11-21 22:04:17,450:INFO:Calculating mean and std
2021-11-21 22:04:17,450:INFO:Creating metrics dataframe
2021-11-21 22:04:17,450:INFO:Uploading results into container
2021-11-21 22:04:17,450:INFO:Uploading model into container now
2021-11-21 22:04:17,450:INFO:create_model_container: 4
2021-11-21 22:04:17,450:INFO:master_model_container: 4
2021-11-21 22:04:17,450:INFO:display_container: 2
2021-11-21 22:04:17,450:INFO:ElasticNet(alpha=1.0, copy_X=True, fit_intercept=True, l1_ratio=0.5,
           max_iter=1000, normalize=False, positive=False, precompute=False,
           random_state=123, selection='cyclic', tol=0.0001, warm_start=False)
2021-11-21 22:04:17,450:INFO:create_model() succesfully completed......................................
2021-11-21 22:04:17,527:INFO:SubProcess create_model() end ==================================
2021-11-21 22:04:17,527:INFO:Creating metrics dataframe
2021-11-21 22:04:17,543:INFO:Initializing Least Angle Regression
2021-11-21 22:04:17,543:INFO:Total runtime is 0.14658607244491578 minutes
2021-11-21 22:04:17,559:INFO:SubProcess create_model() called ==================================
2021-11-21 22:04:17,559:INFO:Initializing create_model()
2021-11-21 22:04:17,559:INFO:create_model(estimator=lar, fold=KFold(n_splits=10, random_state=123, shuffle=False), round=4, cross_validation=True, predict=True, fit_kwargs={}, groups=None, refit=False, verbose=False, system=False, metrics=None, display=<pycaret.internal.Display.Display object at 0x000001EA1D9985B0>, kwargs={})
2021-11-21 22:04:17,559:INFO:Checking exceptions
2021-11-21 22:04:17,559:INFO:Importing libraries
2021-11-21 22:04:17,559:INFO:Copying training dataset
2021-11-21 22:04:17,559:INFO:Defining folds
2021-11-21 22:04:17,559:INFO:Declaring metric variables
2021-11-21 22:04:17,574:INFO:Importing untrained model
2021-11-21 22:04:17,574:INFO:Least Angle Regression Imported succesfully
2021-11-21 22:04:17,590:INFO:Starting cross validation
2021-11-21 22:04:17,590:INFO:Cross validating with KFold(n_splits=10, random_state=123, shuffle=False), n_jobs=-1
2021-11-21 22:04:17,952:INFO:Calculating mean and std
2021-11-21 22:04:17,952:INFO:Creating metrics dataframe
2021-11-21 22:04:17,952:INFO:Uploading results into container
2021-11-21 22:04:17,952:INFO:Uploading model into container now
2021-11-21 22:04:17,952:INFO:create_model_container: 5
2021-11-21 22:04:17,952:INFO:master_model_container: 5
2021-11-21 22:04:17,952:INFO:display_container: 2
2021-11-21 22:04:17,952:INFO:Lars(copy_X=True, eps=2.220446049250313e-16, fit_intercept=True, fit_path=True,
     jitter=None, n_nonzero_coefs=500, normalize=True, precompute='auto',
     random_state=123, verbose=False)
2021-11-21 22:04:17,952:INFO:create_model() succesfully completed......................................
2021-11-21 22:04:18,030:INFO:SubProcess create_model() end ==================================
2021-11-21 22:04:18,030:INFO:Creating metrics dataframe
2021-11-21 22:04:18,045:INFO:Initializing Lasso Least Angle Regression
2021-11-21 22:04:18,045:INFO:Total runtime is 0.15495418310165407 minutes
2021-11-21 22:04:18,045:INFO:SubProcess create_model() called ==================================
2021-11-21 22:04:18,061:INFO:Initializing create_model()
2021-11-21 22:04:18,061:INFO:create_model(estimator=llar, fold=KFold(n_splits=10, random_state=123, shuffle=False), round=4, cross_validation=True, predict=True, fit_kwargs={}, groups=None, refit=False, verbose=False, system=False, metrics=None, display=<pycaret.internal.Display.Display object at 0x000001EA1D9985B0>, kwargs={})
2021-11-21 22:04:18,061:INFO:Checking exceptions
2021-11-21 22:04:18,061:INFO:Importing libraries
2021-11-21 22:04:18,061:INFO:Copying training dataset
2021-11-21 22:04:18,061:INFO:Defining folds
2021-11-21 22:04:18,061:INFO:Declaring metric variables
2021-11-21 22:04:18,061:INFO:Importing untrained model
2021-11-21 22:04:18,076:INFO:Lasso Least Angle Regression Imported succesfully
2021-11-21 22:04:18,092:INFO:Starting cross validation
2021-11-21 22:04:18,092:INFO:Cross validating with KFold(n_splits=10, random_state=123, shuffle=False), n_jobs=-1
2021-11-21 22:04:18,295:INFO:Calculating mean and std
2021-11-21 22:04:18,295:INFO:Creating metrics dataframe
2021-11-21 22:04:18,295:INFO:Uploading results into container
2021-11-21 22:04:18,295:INFO:Uploading model into container now
2021-11-21 22:04:18,295:INFO:create_model_container: 6
2021-11-21 22:04:18,295:INFO:master_model_container: 6
2021-11-21 22:04:18,295:INFO:display_container: 2
2021-11-21 22:04:18,295:INFO:LassoLars(alpha=1.0, copy_X=True, eps=2.220446049250313e-16, fit_intercept=True,
          fit_path=True, jitter=None, max_iter=500, normalize=True,
          positive=False, precompute='auto', random_state=123, verbose=False)
2021-11-21 22:04:18,295:INFO:create_model() succesfully completed......................................
2021-11-21 22:04:18,373:INFO:SubProcess create_model() end ==================================
2021-11-21 22:04:18,373:INFO:Creating metrics dataframe
2021-11-21 22:04:18,404:INFO:Initializing Orthogonal Matching Pursuit
2021-11-21 22:04:18,404:INFO:Total runtime is 0.1609423597653707 minutes
2021-11-21 22:04:18,404:INFO:SubProcess create_model() called ==================================
2021-11-21 22:04:18,404:INFO:Initializing create_model()
2021-11-21 22:04:18,404:INFO:create_model(estimator=omp, fold=KFold(n_splits=10, random_state=123, shuffle=False), round=4, cross_validation=True, predict=True, fit_kwargs={}, groups=None, refit=False, verbose=False, system=False, metrics=None, display=<pycaret.internal.Display.Display object at 0x000001EA1D9985B0>, kwargs={})
2021-11-21 22:04:18,404:INFO:Checking exceptions
2021-11-21 22:04:18,404:INFO:Importing libraries
2021-11-21 22:04:18,404:INFO:Copying training dataset
2021-11-21 22:04:18,404:INFO:Defining folds
2021-11-21 22:04:18,404:INFO:Declaring metric variables
2021-11-21 22:04:18,420:INFO:Importing untrained model
2021-11-21 22:04:18,420:INFO:Orthogonal Matching Pursuit Imported succesfully
2021-11-21 22:04:18,436:INFO:Starting cross validation
2021-11-21 22:04:18,436:INFO:Cross validating with KFold(n_splits=10, random_state=123, shuffle=False), n_jobs=-1
2021-11-21 22:04:18,635:INFO:Calculating mean and std
2021-11-21 22:04:18,635:INFO:Creating metrics dataframe
2021-11-21 22:04:18,635:INFO:Uploading results into container
2021-11-21 22:04:18,635:INFO:Uploading model into container now
2021-11-21 22:04:18,635:INFO:create_model_container: 7
2021-11-21 22:04:18,635:INFO:master_model_container: 7
2021-11-21 22:04:18,635:INFO:display_container: 2
2021-11-21 22:04:18,635:INFO:OrthogonalMatchingPursuit(fit_intercept=True, n_nonzero_coefs=None,
                          normalize=True, precompute='auto', tol=None)
2021-11-21 22:04:18,635:INFO:create_model() succesfully completed......................................
2021-11-21 22:04:18,728:INFO:SubProcess create_model() end ==================================
2021-11-21 22:04:18,728:INFO:Creating metrics dataframe
2021-11-21 22:04:18,744:INFO:Initializing Bayesian Ridge
2021-11-21 22:04:18,744:INFO:Total runtime is 0.16660194396972658 minutes
2021-11-21 22:04:18,760:INFO:SubProcess create_model() called ==================================
2021-11-21 22:04:18,760:INFO:Initializing create_model()
2021-11-21 22:04:18,760:INFO:create_model(estimator=br, fold=KFold(n_splits=10, random_state=123, shuffle=False), round=4, cross_validation=True, predict=True, fit_kwargs={}, groups=None, refit=False, verbose=False, system=False, metrics=None, display=<pycaret.internal.Display.Display object at 0x000001EA1D9985B0>, kwargs={})
2021-11-21 22:04:18,760:INFO:Checking exceptions
2021-11-21 22:04:18,760:INFO:Importing libraries
2021-11-21 22:04:18,760:INFO:Copying training dataset
2021-11-21 22:04:18,760:INFO:Defining folds
2021-11-21 22:04:18,760:INFO:Declaring metric variables
2021-11-21 22:04:18,760:INFO:Importing untrained model
2021-11-21 22:04:18,775:INFO:Bayesian Ridge Imported succesfully
2021-11-21 22:04:18,791:INFO:Starting cross validation
2021-11-21 22:04:18,791:INFO:Cross validating with KFold(n_splits=10, random_state=123, shuffle=False), n_jobs=-1
2021-11-21 22:04:19,659:INFO:Calculating mean and std
2021-11-21 22:04:19,659:INFO:Creating metrics dataframe
2021-11-21 22:04:19,659:INFO:Uploading results into container
2021-11-21 22:04:19,659:INFO:Uploading model into container now
2021-11-21 22:04:19,659:INFO:create_model_container: 8
2021-11-21 22:04:19,659:INFO:master_model_container: 8
2021-11-21 22:04:19,659:INFO:display_container: 2
2021-11-21 22:04:19,659:INFO:BayesianRidge(alpha_1=1e-06, alpha_2=1e-06, alpha_init=None,
              compute_score=False, copy_X=True, fit_intercept=True,
              lambda_1=1e-06, lambda_2=1e-06, lambda_init=None, n_iter=300,
              normalize=False, tol=0.001, verbose=False)
2021-11-21 22:04:19,659:INFO:create_model() succesfully completed......................................
2021-11-21 22:04:19,752:INFO:SubProcess create_model() end ==================================
2021-11-21 22:04:19,752:INFO:Creating metrics dataframe
2021-11-21 22:04:19,768:INFO:Initializing Passive Aggressive Regressor
2021-11-21 22:04:19,768:INFO:Total runtime is 0.1836620132128398 minutes
2021-11-21 22:04:19,783:INFO:SubProcess create_model() called ==================================
2021-11-21 22:04:19,783:INFO:Initializing create_model()
2021-11-21 22:04:19,783:INFO:create_model(estimator=par, fold=KFold(n_splits=10, random_state=123, shuffle=False), round=4, cross_validation=True, predict=True, fit_kwargs={}, groups=None, refit=False, verbose=False, system=False, metrics=None, display=<pycaret.internal.Display.Display object at 0x000001EA1D9985B0>, kwargs={})
2021-11-21 22:04:19,783:INFO:Checking exceptions
2021-11-21 22:04:19,783:INFO:Importing libraries
2021-11-21 22:04:19,783:INFO:Copying training dataset
2021-11-21 22:04:19,783:INFO:Defining folds
2021-11-21 22:04:19,783:INFO:Declaring metric variables
2021-11-21 22:04:19,783:INFO:Importing untrained model
2021-11-21 22:04:19,799:INFO:Passive Aggressive Regressor Imported succesfully
2021-11-21 22:04:19,814:INFO:Starting cross validation
2021-11-21 22:04:19,814:INFO:Cross validating with KFold(n_splits=10, random_state=123, shuffle=False), n_jobs=-1
2021-11-21 22:04:20,346:INFO:Calculating mean and std
2021-11-21 22:04:20,346:INFO:Creating metrics dataframe
2021-11-21 22:04:20,346:INFO:Uploading results into container
2021-11-21 22:04:20,346:INFO:Uploading model into container now
2021-11-21 22:04:20,346:INFO:create_model_container: 9
2021-11-21 22:04:20,346:INFO:master_model_container: 9
2021-11-21 22:04:20,346:INFO:display_container: 2
2021-11-21 22:04:20,346:INFO:PassiveAggressiveRegressor(C=1.0, average=False, early_stopping=False,
                           epsilon=0.1, fit_intercept=True,
                           loss='epsilon_insensitive', max_iter=1000,
                           n_iter_no_change=5, random_state=123, shuffle=True,
                           tol=0.001, validation_fraction=0.1, verbose=0,
                           warm_start=False)
2021-11-21 22:04:20,346:INFO:create_model() succesfully completed......................................
2021-11-21 22:04:20,439:INFO:SubProcess create_model() end ==================================
2021-11-21 22:04:20,439:INFO:Creating metrics dataframe
2021-11-21 22:04:20,455:INFO:Initializing Huber Regressor
2021-11-21 22:04:20,455:INFO:Total runtime is 0.19511771202087405 minutes
2021-11-21 22:04:20,471:INFO:SubProcess create_model() called ==================================
2021-11-21 22:04:20,471:INFO:Initializing create_model()
2021-11-21 22:04:20,471:INFO:create_model(estimator=huber, fold=KFold(n_splits=10, random_state=123, shuffle=False), round=4, cross_validation=True, predict=True, fit_kwargs={}, groups=None, refit=False, verbose=False, system=False, metrics=None, display=<pycaret.internal.Display.Display object at 0x000001EA1D9985B0>, kwargs={})
2021-11-21 22:04:20,471:INFO:Checking exceptions
2021-11-21 22:04:20,471:INFO:Importing libraries
2021-11-21 22:04:20,471:INFO:Copying training dataset
2021-11-21 22:04:20,471:INFO:Defining folds
2021-11-21 22:04:20,471:INFO:Declaring metric variables
2021-11-21 22:04:20,471:INFO:Importing untrained model
2021-11-21 22:04:20,486:INFO:Huber Regressor Imported succesfully
2021-11-21 22:04:20,502:INFO:Starting cross validation
2021-11-21 22:04:20,502:INFO:Cross validating with KFold(n_splits=10, random_state=123, shuffle=False), n_jobs=-1
2021-11-21 22:04:25,100:INFO:Calculating mean and std
2021-11-21 22:04:25,100:INFO:Creating metrics dataframe
2021-11-21 22:04:25,116:INFO:Uploading results into container
2021-11-21 22:04:25,116:INFO:Uploading model into container now
2021-11-21 22:04:25,116:INFO:create_model_container: 10
2021-11-21 22:04:25,116:INFO:master_model_container: 10
2021-11-21 22:04:25,116:INFO:display_container: 2
2021-11-21 22:04:25,116:INFO:HuberRegressor(alpha=0.0001, epsilon=1.35, fit_intercept=True, max_iter=100,
               tol=1e-05, warm_start=False)
2021-11-21 22:04:25,116:INFO:create_model() succesfully completed......................................
2021-11-21 22:04:25,194:INFO:SubProcess create_model() end ==================================
2021-11-21 22:04:25,194:INFO:Creating metrics dataframe
2021-11-21 22:04:25,210:INFO:Initializing K Neighbors Regressor
2021-11-21 22:04:25,210:INFO:Total runtime is 0.27436325947443646 minutes
2021-11-21 22:04:25,225:INFO:SubProcess create_model() called ==================================
2021-11-21 22:04:25,225:INFO:Initializing create_model()
2021-11-21 22:04:25,225:INFO:create_model(estimator=knn, fold=KFold(n_splits=10, random_state=123, shuffle=False), round=4, cross_validation=True, predict=True, fit_kwargs={}, groups=None, refit=False, verbose=False, system=False, metrics=None, display=<pycaret.internal.Display.Display object at 0x000001EA1D9985B0>, kwargs={})
2021-11-21 22:04:25,225:INFO:Checking exceptions
2021-11-21 22:04:25,225:INFO:Importing libraries
2021-11-21 22:04:25,225:INFO:Copying training dataset
2021-11-21 22:04:25,225:INFO:Defining folds
2021-11-21 22:04:25,225:INFO:Declaring metric variables
2021-11-21 22:04:25,225:INFO:Importing untrained model
2021-11-21 22:04:25,241:INFO:K Neighbors Regressor Imported succesfully
2021-11-21 22:04:25,257:INFO:Starting cross validation
2021-11-21 22:04:25,257:INFO:Cross validating with KFold(n_splits=10, random_state=123, shuffle=False), n_jobs=-1
2021-11-21 22:04:51,415:INFO:Calculating mean and std
2021-11-21 22:04:51,415:INFO:Creating metrics dataframe
2021-11-21 22:04:51,431:INFO:Uploading results into container
2021-11-21 22:04:51,431:INFO:Uploading model into container now
2021-11-21 22:04:51,431:INFO:create_model_container: 11
2021-11-21 22:04:51,431:INFO:master_model_container: 11
2021-11-21 22:04:51,431:INFO:display_container: 2
2021-11-21 22:04:51,431:INFO:KNeighborsRegressor(algorithm='auto', leaf_size=30, metric='minkowski',
                    metric_params=None, n_jobs=-1, n_neighbors=5, p=2,
                    weights='uniform')
2021-11-21 22:04:51,431:INFO:create_model() succesfully completed......................................
2021-11-21 22:04:51,525:INFO:SubProcess create_model() end ==================================
2021-11-21 22:04:51,525:INFO:Creating metrics dataframe
2021-11-21 22:04:51,556:INFO:Initializing Decision Tree Regressor
2021-11-21 22:04:51,556:INFO:Total runtime is 0.7134653846422832 minutes
2021-11-21 22:04:51,556:INFO:SubProcess create_model() called ==================================
2021-11-21 22:04:51,556:INFO:Initializing create_model()
2021-11-21 22:04:51,556:INFO:create_model(estimator=dt, fold=KFold(n_splits=10, random_state=123, shuffle=False), round=4, cross_validation=True, predict=True, fit_kwargs={}, groups=None, refit=False, verbose=False, system=False, metrics=None, display=<pycaret.internal.Display.Display object at 0x000001EA1D9985B0>, kwargs={})
2021-11-21 22:04:51,556:INFO:Checking exceptions
2021-11-21 22:04:51,556:INFO:Importing libraries
2021-11-21 22:04:51,556:INFO:Copying training dataset
2021-11-21 22:04:51,556:INFO:Defining folds
2021-11-21 22:04:51,556:INFO:Declaring metric variables
2021-11-21 22:04:51,571:INFO:Importing untrained model
2021-11-21 22:04:51,571:INFO:Decision Tree Regressor Imported succesfully
2021-11-21 22:04:51,587:INFO:Starting cross validation
2021-11-21 22:04:51,587:INFO:Cross validating with KFold(n_splits=10, random_state=123, shuffle=False), n_jobs=-1
2021-11-21 22:04:52,759:INFO:Calculating mean and std
2021-11-21 22:04:52,759:INFO:Creating metrics dataframe
2021-11-21 22:04:52,759:INFO:Uploading results into container
2021-11-21 22:04:52,759:INFO:Uploading model into container now
2021-11-21 22:04:52,759:INFO:create_model_container: 12
2021-11-21 22:04:52,759:INFO:master_model_container: 12
2021-11-21 22:04:52,759:INFO:display_container: 2
2021-11-21 22:04:52,759:INFO:DecisionTreeRegressor(ccp_alpha=0.0, criterion='mse', max_depth=None,
                      max_features=None, max_leaf_nodes=None,
                      min_impurity_decrease=0.0, min_impurity_split=None,
                      min_samples_leaf=1, min_samples_split=2,
                      min_weight_fraction_leaf=0.0, presort='deprecated',
                      random_state=123, splitter='best')
2021-11-21 22:04:52,759:INFO:create_model() succesfully completed......................................
2021-11-21 22:04:52,837:INFO:SubProcess create_model() end ==================================
2021-11-21 22:04:52,837:INFO:Creating metrics dataframe
2021-11-21 22:04:52,852:INFO:Initializing Random Forest Regressor
2021-11-21 22:04:52,852:INFO:Total runtime is 0.7350754896799724 minutes
2021-11-21 22:04:52,868:INFO:SubProcess create_model() called ==================================
2021-11-21 22:04:52,868:INFO:Initializing create_model()
2021-11-21 22:04:52,868:INFO:create_model(estimator=rf, fold=KFold(n_splits=10, random_state=123, shuffle=False), round=4, cross_validation=True, predict=True, fit_kwargs={}, groups=None, refit=False, verbose=False, system=False, metrics=None, display=<pycaret.internal.Display.Display object at 0x000001EA1D9985B0>, kwargs={})
2021-11-21 22:04:52,868:INFO:Checking exceptions
2021-11-21 22:04:52,868:INFO:Importing libraries
2021-11-21 22:04:52,868:INFO:Copying training dataset
2021-11-21 22:04:52,868:INFO:Defining folds
2021-11-21 22:04:52,868:INFO:Declaring metric variables
2021-11-21 22:04:52,884:INFO:Importing untrained model
2021-11-21 22:04:52,884:INFO:Random Forest Regressor Imported succesfully
2021-11-21 22:04:52,899:INFO:Starting cross validation
2021-11-21 22:04:52,899:INFO:Cross validating with KFold(n_splits=10, random_state=123, shuffle=False), n_jobs=-1
2021-11-21 22:05:38,912:INFO:Calculating mean and std
2021-11-21 22:05:38,912:INFO:Creating metrics dataframe
2021-11-21 22:05:38,912:INFO:Uploading results into container
2021-11-21 22:05:38,912:INFO:Uploading model into container now
2021-11-21 22:05:38,912:INFO:create_model_container: 13
2021-11-21 22:05:38,912:INFO:master_model_container: 13
2021-11-21 22:05:38,912:INFO:display_container: 2
2021-11-21 22:05:38,912:INFO:RandomForestRegressor(bootstrap=True, ccp_alpha=0.0, criterion='mse',
                      max_depth=None, max_features='auto', max_leaf_nodes=None,
                      max_samples=None, min_impurity_decrease=0.0,
                      min_impurity_split=None, min_samples_leaf=1,
                      min_samples_split=2, min_weight_fraction_leaf=0.0,
                      n_estimators=100, n_jobs=-1, oob_score=False,
                      random_state=123, verbose=0, warm_start=False)
2021-11-21 22:05:38,912:INFO:create_model() succesfully completed......................................
2021-11-21 22:05:39,037:INFO:SubProcess create_model() end ==================================
2021-11-21 22:05:39,037:INFO:Creating metrics dataframe
2021-11-21 22:05:39,068:INFO:Initializing Extra Trees Regressor
2021-11-21 22:05:39,068:INFO:Total runtime is 1.505336046218872 minutes
2021-11-21 22:05:39,084:INFO:SubProcess create_model() called ==================================
2021-11-21 22:05:39,084:INFO:Initializing create_model()
2021-11-21 22:05:39,084:INFO:create_model(estimator=et, fold=KFold(n_splits=10, random_state=123, shuffle=False), round=4, cross_validation=True, predict=True, fit_kwargs={}, groups=None, refit=False, verbose=False, system=False, metrics=None, display=<pycaret.internal.Display.Display object at 0x000001EA1D9985B0>, kwargs={})
2021-11-21 22:05:39,084:INFO:Checking exceptions
2021-11-21 22:05:39,084:INFO:Importing libraries
2021-11-21 22:05:39,084:INFO:Copying training dataset
2021-11-21 22:05:39,084:INFO:Defining folds
2021-11-21 22:05:39,084:INFO:Declaring metric variables
2021-11-21 22:05:39,099:INFO:Importing untrained model
2021-11-21 22:05:39,115:INFO:Extra Trees Regressor Imported succesfully
2021-11-21 22:05:39,131:INFO:Starting cross validation
2021-11-21 22:05:39,131:INFO:Cross validating with KFold(n_splits=10, random_state=123, shuffle=False), n_jobs=-1
2021-11-21 22:06:18,037:INFO:Calculating mean and std
2021-11-21 22:06:18,037:INFO:Creating metrics dataframe
2021-11-21 22:06:18,037:INFO:Uploading results into container
2021-11-21 22:06:18,037:INFO:Uploading model into container now
2021-11-21 22:06:18,037:INFO:create_model_container: 14
2021-11-21 22:06:18,037:INFO:master_model_container: 14
2021-11-21 22:06:18,037:INFO:display_container: 2
2021-11-21 22:06:18,037:INFO:ExtraTreesRegressor(bootstrap=False, ccp_alpha=0.0, criterion='mse',
                    max_depth=None, max_features='auto', max_leaf_nodes=None,
                    max_samples=None, min_impurity_decrease=0.0,
                    min_impurity_split=None, min_samples_leaf=1,
                    min_samples_split=2, min_weight_fraction_leaf=0.0,
                    n_estimators=100, n_jobs=-1, oob_score=False,
                    random_state=123, verbose=0, warm_start=False)
2021-11-21 22:06:18,037:INFO:create_model() succesfully completed......................................
2021-11-21 22:06:18,162:INFO:SubProcess create_model() end ==================================
2021-11-21 22:06:18,162:INFO:Creating metrics dataframe
2021-11-21 22:06:18,193:INFO:Initializing AdaBoost Regressor
2021-11-21 22:06:18,193:INFO:Total runtime is 2.157422133286794 minutes
2021-11-21 22:06:18,209:INFO:SubProcess create_model() called ==================================
2021-11-21 22:06:18,209:INFO:Initializing create_model()
2021-11-21 22:06:18,209:INFO:create_model(estimator=ada, fold=KFold(n_splits=10, random_state=123, shuffle=False), round=4, cross_validation=True, predict=True, fit_kwargs={}, groups=None, refit=False, verbose=False, system=False, metrics=None, display=<pycaret.internal.Display.Display object at 0x000001EA1D9985B0>, kwargs={})
2021-11-21 22:06:18,209:INFO:Checking exceptions
2021-11-21 22:06:18,209:INFO:Importing libraries
2021-11-21 22:06:18,209:INFO:Copying training dataset
2021-11-21 22:06:18,209:INFO:Defining folds
2021-11-21 22:06:18,209:INFO:Declaring metric variables
2021-11-21 22:06:18,224:INFO:Importing untrained model
2021-11-21 22:06:18,224:INFO:AdaBoost Regressor Imported succesfully
2021-11-21 22:06:18,256:INFO:Starting cross validation
2021-11-21 22:06:18,256:INFO:Cross validating with KFold(n_splits=10, random_state=123, shuffle=False), n_jobs=-1
2021-11-21 22:06:27,117:INFO:Calculating mean and std
2021-11-21 22:06:27,117:INFO:Creating metrics dataframe
2021-11-21 22:06:27,117:INFO:Uploading results into container
2021-11-21 22:06:27,117:INFO:Uploading model into container now
2021-11-21 22:06:27,117:INFO:create_model_container: 15
2021-11-21 22:06:27,117:INFO:master_model_container: 15
2021-11-21 22:06:27,117:INFO:display_container: 2
2021-11-21 22:06:27,117:INFO:AdaBoostRegressor(base_estimator=None, learning_rate=1.0, loss='linear',
                  n_estimators=50, random_state=123)
2021-11-21 22:06:27,117:INFO:create_model() succesfully completed......................................
2021-11-21 22:06:27,195:INFO:SubProcess create_model() end ==================================
2021-11-21 22:06:27,195:INFO:Creating metrics dataframe
2021-11-21 22:06:27,226:INFO:Initializing Gradient Boosting Regressor
2021-11-21 22:06:27,226:INFO:Total runtime is 2.307973043123881 minutes
2021-11-21 22:06:27,226:INFO:SubProcess create_model() called ==================================
2021-11-21 22:06:27,226:INFO:Initializing create_model()
2021-11-21 22:06:27,226:INFO:create_model(estimator=gbr, fold=KFold(n_splits=10, random_state=123, shuffle=False), round=4, cross_validation=True, predict=True, fit_kwargs={}, groups=None, refit=False, verbose=False, system=False, metrics=None, display=<pycaret.internal.Display.Display object at 0x000001EA1D9985B0>, kwargs={})
2021-11-21 22:06:27,242:INFO:Checking exceptions
2021-11-21 22:06:27,242:INFO:Importing libraries
2021-11-21 22:06:27,242:INFO:Copying training dataset
2021-11-21 22:06:27,242:INFO:Defining folds
2021-11-21 22:06:27,242:INFO:Declaring metric variables
2021-11-21 22:06:27,242:INFO:Importing untrained model
2021-11-21 22:06:27,257:INFO:Gradient Boosting Regressor Imported succesfully
2021-11-21 22:06:27,273:INFO:Starting cross validation
2021-11-21 22:06:27,273:INFO:Cross validating with KFold(n_splits=10, random_state=123, shuffle=False), n_jobs=-1
2021-11-21 22:06:41,955:INFO:Calculating mean and std
2021-11-21 22:06:41,955:INFO:Creating metrics dataframe
2021-11-21 22:06:41,955:INFO:Uploading results into container
2021-11-21 22:06:41,955:INFO:Uploading model into container now
2021-11-21 22:06:41,955:INFO:create_model_container: 16
2021-11-21 22:06:41,955:INFO:master_model_container: 16
2021-11-21 22:06:41,955:INFO:display_container: 2
2021-11-21 22:06:41,955:INFO:GradientBoostingRegressor(alpha=0.9, ccp_alpha=0.0, criterion='friedman_mse',
                          init=None, learning_rate=0.1, loss='ls', max_depth=3,
                          max_features=None, max_leaf_nodes=None,
                          min_impurity_decrease=0.0, min_impurity_split=None,
                          min_samples_leaf=1, min_samples_split=2,
                          min_weight_fraction_leaf=0.0, n_estimators=100,
                          n_iter_no_change=None, presort='deprecated',
                          random_state=123, subsample=1.0, tol=0.0001,
                          validation_fraction=0.1, verbose=0, warm_start=False)
2021-11-21 22:06:41,955:INFO:create_model() succesfully completed......................................
2021-11-21 22:06:42,033:INFO:SubProcess create_model() end ==================================
2021-11-21 22:06:42,033:INFO:Creating metrics dataframe
2021-11-21 22:06:42,049:INFO:Initializing Extreme Gradient Boosting
2021-11-21 22:06:42,049:INFO:Total runtime is 2.5550137082735698 minutes
2021-11-21 22:06:42,064:INFO:SubProcess create_model() called ==================================
2021-11-21 22:06:42,064:INFO:Initializing create_model()
2021-11-21 22:06:42,064:INFO:create_model(estimator=xgboost, fold=KFold(n_splits=10, random_state=123, shuffle=False), round=4, cross_validation=True, predict=True, fit_kwargs={}, groups=None, refit=False, verbose=False, system=False, metrics=None, display=<pycaret.internal.Display.Display object at 0x000001EA1D9985B0>, kwargs={})
2021-11-21 22:06:42,064:INFO:Checking exceptions
2021-11-21 22:06:42,064:INFO:Importing libraries
2021-11-21 22:06:42,064:INFO:Copying training dataset
2021-11-21 22:06:42,064:INFO:Defining folds
2021-11-21 22:06:42,064:INFO:Declaring metric variables
2021-11-21 22:06:42,064:INFO:Importing untrained model
2021-11-21 22:06:42,080:INFO:Extreme Gradient Boosting Imported succesfully
2021-11-21 22:06:42,096:INFO:Starting cross validation
2021-11-21 22:06:42,096:INFO:Cross validating with KFold(n_splits=10, random_state=123, shuffle=False), n_jobs=-1
2021-11-21 22:06:55,240:INFO:Calculating mean and std
2021-11-21 22:06:55,240:INFO:Creating metrics dataframe
2021-11-21 22:06:55,240:INFO:Uploading results into container
2021-11-21 22:06:55,240:INFO:Uploading model into container now
2021-11-21 22:06:55,240:INFO:create_model_container: 17
2021-11-21 22:06:55,240:INFO:master_model_container: 17
2021-11-21 22:06:55,240:INFO:display_container: 2
2021-11-21 22:06:55,240:INFO:XGBRegressor(base_score=None, booster='gbtree', colsample_bylevel=None,
             colsample_bynode=None, colsample_bytree=None,
             enable_categorical=False, gamma=None, gpu_id=None,
             importance_type=None, interaction_constraints=None,
             learning_rate=None, max_delta_step=None, max_depth=None,
             min_child_weight=None, missing=nan, monotone_constraints=None,
             n_estimators=100, n_jobs=-1, num_parallel_tree=None,
             objective='reg:squarederror', predictor=None, random_state=123,
             reg_alpha=None, reg_lambda=None, scale_pos_weight=None,
             subsample=None, tree_method='auto', validate_parameters=None,
             verbosity=0)
2021-11-21 22:06:55,240:INFO:create_model() succesfully completed......................................
2021-11-21 22:06:55,318:INFO:SubProcess create_model() end ==================================
2021-11-21 22:06:55,318:INFO:Creating metrics dataframe
2021-11-21 22:06:55,349:INFO:Initializing Light Gradient Boosting Machine
2021-11-21 22:06:55,349:INFO:Total runtime is 2.776685575644175 minutes
2021-11-21 22:06:55,365:INFO:SubProcess create_model() called ==================================
2021-11-21 22:06:55,365:INFO:Initializing create_model()
2021-11-21 22:06:55,365:INFO:create_model(estimator=lightgbm, fold=KFold(n_splits=10, random_state=123, shuffle=False), round=4, cross_validation=True, predict=True, fit_kwargs={}, groups=None, refit=False, verbose=False, system=False, metrics=None, display=<pycaret.internal.Display.Display object at 0x000001EA1D9985B0>, kwargs={})
2021-11-21 22:06:55,365:INFO:Checking exceptions
2021-11-21 22:06:55,365:INFO:Importing libraries
2021-11-21 22:06:55,365:INFO:Copying training dataset
2021-11-21 22:06:55,365:INFO:Defining folds
2021-11-21 22:06:55,365:INFO:Declaring metric variables
2021-11-21 22:06:55,380:INFO:Importing untrained model
2021-11-21 22:06:55,380:INFO:Light Gradient Boosting Machine Imported succesfully
2021-11-21 22:06:55,411:INFO:Starting cross validation
2021-11-21 22:06:55,411:INFO:Cross validating with KFold(n_splits=10, random_state=123, shuffle=False), n_jobs=-1
2021-11-21 22:06:57,848:INFO:Calculating mean and std
2021-11-21 22:06:57,848:INFO:Creating metrics dataframe
2021-11-21 22:06:57,848:INFO:Uploading results into container
2021-11-21 22:06:57,848:INFO:Uploading model into container now
2021-11-21 22:06:57,848:INFO:create_model_container: 18
2021-11-21 22:06:57,848:INFO:master_model_container: 18
2021-11-21 22:06:57,848:INFO:display_container: 2
2021-11-21 22:06:57,848:INFO:LGBMRegressor(boosting_type='gbdt', class_weight=None, colsample_bytree=1.0,
              importance_type='split', learning_rate=0.1, max_depth=-1,
              min_child_samples=20, min_child_weight=0.001, min_split_gain=0.0,
              n_estimators=100, n_jobs=-1, num_leaves=31, objective=None,
              random_state=123, reg_alpha=0.0, reg_lambda=0.0, silent=True,
              subsample=1.0, subsample_for_bin=200000, subsample_freq=0)
2021-11-21 22:06:57,848:INFO:create_model() succesfully completed......................................
2021-11-21 22:06:57,926:INFO:SubProcess create_model() end ==================================
2021-11-21 22:06:57,926:INFO:Creating metrics dataframe
2021-11-21 22:06:57,942:INFO:Initializing CatBoost Regressor
2021-11-21 22:06:57,942:INFO:Total runtime is 2.819904088973999 minutes
2021-11-21 22:06:57,958:INFO:SubProcess create_model() called ==================================
2021-11-21 22:06:57,958:INFO:Initializing create_model()
2021-11-21 22:06:57,958:INFO:create_model(estimator=catboost, fold=KFold(n_splits=10, random_state=123, shuffle=False), round=4, cross_validation=True, predict=True, fit_kwargs={}, groups=None, refit=False, verbose=False, system=False, metrics=None, display=<pycaret.internal.Display.Display object at 0x000001EA1D9985B0>, kwargs={})
2021-11-21 22:06:57,958:INFO:Checking exceptions
2021-11-21 22:06:57,958:INFO:Importing libraries
2021-11-21 22:06:57,958:INFO:Copying training dataset
2021-11-21 22:06:57,958:INFO:Defining folds
2021-11-21 22:06:57,958:INFO:Declaring metric variables
2021-11-21 22:06:57,958:INFO:Importing untrained model
2021-11-21 22:06:58,051:INFO:CatBoost Regressor Imported succesfully
2021-11-21 22:06:58,067:INFO:Starting cross validation
2021-11-21 22:06:58,114:INFO:Cross validating with KFold(n_splits=10, random_state=123, shuffle=False), n_jobs=-1
2021-11-21 22:07:37,496:INFO:Calculating mean and std
2021-11-21 22:07:37,496:INFO:Creating metrics dataframe
2021-11-21 22:07:37,496:INFO:Uploading results into container
2021-11-21 22:07:37,496:INFO:Uploading model into container now
2021-11-21 22:07:37,496:INFO:create_model_container: 19
2021-11-21 22:07:37,496:INFO:master_model_container: 19
2021-11-21 22:07:37,496:INFO:display_container: 2
2021-11-21 22:07:37,496:INFO:<catboost.core.CatBoostRegressor object at 0x000001EA212BEB20>
2021-11-21 22:07:37,496:INFO:create_model() succesfully completed......................................
2021-11-21 22:07:37,606:INFO:SubProcess create_model() end ==================================
2021-11-21 22:07:37,606:INFO:Creating metrics dataframe
2021-11-21 22:07:37,653:INFO:Initializing create_model()
2021-11-21 22:07:37,653:INFO:create_model(estimator=ExtraTreesRegressor(bootstrap=False, ccp_alpha=0.0, criterion='mse',
                    max_depth=None, max_features='auto', max_leaf_nodes=None,
                    max_samples=None, min_impurity_decrease=0.0,
                    min_impurity_split=None, min_samples_leaf=1,
                    min_samples_split=2, min_weight_fraction_leaf=0.0,
                    n_estimators=100, n_jobs=-1, oob_score=False,
                    random_state=123, verbose=0, warm_start=False), fold=KFold(n_splits=10, random_state=123, shuffle=False), round=4, cross_validation=False, predict=False, fit_kwargs={}, groups=None, refit=True, verbose=False, system=False, metrics=None, display=None, kwargs={})
2021-11-21 22:07:37,653:INFO:Checking exceptions
2021-11-21 22:07:37,653:INFO:Importing libraries
2021-11-21 22:07:37,653:INFO:Copying training dataset
2021-11-21 22:07:37,653:INFO:Defining folds
2021-11-21 22:07:37,653:INFO:Declaring metric variables
2021-11-21 22:07:37,653:INFO:Importing untrained model
2021-11-21 22:07:37,653:INFO:Declaring custom model
2021-11-21 22:07:37,653:INFO:Extra Trees Regressor Imported succesfully
2021-11-21 22:07:37,653:INFO:Cross validation set to False
2021-11-21 22:07:37,653:INFO:Fitting Model
2021-11-21 22:07:41,670:INFO:ExtraTreesRegressor(bootstrap=False, ccp_alpha=0.0, criterion='mse',
                    max_depth=None, max_features='auto', max_leaf_nodes=None,
                    max_samples=None, min_impurity_decrease=0.0,
                    min_impurity_split=None, min_samples_leaf=1,
                    min_samples_split=2, min_weight_fraction_leaf=0.0,
                    n_estimators=100, n_jobs=-1, oob_score=False,
                    random_state=123, verbose=0, warm_start=False)
2021-11-21 22:07:41,670:INFO:create_models() succesfully completed......................................
2021-11-21 22:07:41,827:INFO:create_model_container: 19
2021-11-21 22:07:41,827:INFO:master_model_container: 19
2021-11-21 22:07:41,827:INFO:display_container: 2
2021-11-21 22:07:41,827:INFO:ExtraTreesRegressor(bootstrap=False, ccp_alpha=0.0, criterion='mse',
                    max_depth=None, max_features='auto', max_leaf_nodes=None,
                    max_samples=None, min_impurity_decrease=0.0,
                    min_impurity_split=None, min_samples_leaf=1,
                    min_samples_split=2, min_weight_fraction_leaf=0.0,
                    n_estimators=100, n_jobs=-1, oob_score=False,
                    random_state=123, verbose=0, warm_start=False)
2021-11-21 22:07:41,827:INFO:compare_models() succesfully completed......................................
2021-11-21 22:09:03,590:INFO:Initializing create_model()
2021-11-21 22:09:03,590:INFO:create_model(estimator=et, fold=None, round=4, cross_validation=True, predict=True, fit_kwargs=None, groups=None, refit=True, verbose=True, system=True, metrics=None, display=None, kwargs={})
2021-11-21 22:09:03,590:INFO:Checking exceptions
2021-11-21 22:09:03,590:INFO:Preparing display monitor
2021-11-21 22:09:03,621:INFO:Importing libraries
2021-11-21 22:09:03,621:INFO:Copying training dataset
2021-11-21 22:09:03,621:INFO:Defining folds
2021-11-21 22:09:03,621:INFO:Declaring metric variables
2021-11-21 22:09:03,637:INFO:Importing untrained model
2021-11-21 22:09:03,637:INFO:Extra Trees Regressor Imported succesfully
2021-11-21 22:09:03,668:INFO:Starting cross validation
2021-11-21 22:09:03,668:INFO:Cross validating with KFold(n_splits=10, random_state=123, shuffle=False), n_jobs=-1
2021-11-21 22:09:37,753:INFO:Calculating mean and std
2021-11-21 22:09:37,753:INFO:Creating metrics dataframe
2021-11-21 22:09:37,769:INFO:Finalizing model
2021-11-21 22:09:41,567:INFO:Uploading results into container
2021-11-21 22:09:41,567:INFO:Uploading model into container now
2021-11-21 22:09:41,598:INFO:create_model_container: 20
2021-11-21 22:09:41,598:INFO:master_model_container: 20
2021-11-21 22:09:41,598:INFO:display_container: 3
2021-11-21 22:09:41,598:INFO:ExtraTreesRegressor(bootstrap=False, ccp_alpha=0.0, criterion='mse',
                    max_depth=None, max_features='auto', max_leaf_nodes=None,
                    max_samples=None, min_impurity_decrease=0.0,
                    min_impurity_split=None, min_samples_leaf=1,
                    min_samples_split=2, min_weight_fraction_leaf=0.0,
                    n_estimators=100, n_jobs=-1, oob_score=False,
                    random_state=123, verbose=0, warm_start=False)
2021-11-21 22:09:41,598:INFO:create_model() succesfully completed......................................
2021-11-21 22:09:53,622:INFO:Initializing plot_model()
2021-11-21 22:09:53,622:INFO:plot_model(plot=feature, fold=None, use_train_data=False, verbose=True, display=None, estimator=ExtraTreesRegressor(bootstrap=False, ccp_alpha=0.0, criterion='mse',
                    max_depth=None, max_features='auto', max_leaf_nodes=None,
                    max_samples=None, min_impurity_decrease=0.0,
                    min_impurity_split=None, min_samples_leaf=1,
                    min_samples_split=2, min_weight_fraction_leaf=0.0,
                    n_estimators=100, n_jobs=-1, oob_score=False,
                    random_state=123, verbose=0, warm_start=False), feature_name=None, fit_kwargs=None, groups=None, label=False, save=False, scale=1, system=True)
2021-11-21 22:09:53,622:INFO:Checking exceptions
2021-11-21 22:09:53,669:INFO:Preparing display monitor
2021-11-21 22:09:53,685:INFO:Preloading libraries
2021-11-21 22:09:55,836:INFO:Copying training dataset
2021-11-21 22:09:55,836:INFO:Copying test dataset
2021-11-21 22:09:55,836:INFO:Plot type: feature
2021-11-21 22:09:57,157:WARNING:No coef_ found. Trying feature_importances_
2021-11-21 22:09:57,381:INFO:Visual Rendered Successfully
2021-11-21 22:09:57,454:INFO:plot_model() succesfully completed......................................
2021-12-28 19:35:53,581:INFO:PyCaret Supervised Module
2021-12-28 19:35:53,683:INFO:ML Usecase: regression
2021-12-28 19:35:53,684:INFO:version 2.2.3
2021-12-28 19:35:53,684:INFO:Initializing setup()
2021-12-28 19:35:53,684:INFO:setup(target=medv, ml_usecase=regression, available_plots={'parameter': 'Hyperparameters', 'residuals': 'Residuals', 'error': 'Prediction Error', 'cooks': 'Cooks Distance', 'rfe': 'Feature Selection', 'learning': 'Learning Curve', 'manifold': 'Manifold Learning', 'vc': 'Validation Curve', 'feature': 'Feature Importance', 'feature_all': 'Feature Importance (All)', 'tree': 'Decision Tree'}, train_size=0.7, test_data=None, preprocess=True, imputation_type=simple, iterative_imputation_iters=5, categorical_features=None, categorical_imputation=constant, categorical_iterative_imputer=lightgbm, ordinal_features=None, high_cardinality_features=None, high_cardinality_method=frequency, numeric_features=None, numeric_imputation=mean, numeric_iterative_imputer=lightgbm, date_features=None, ignore_features=None, normalize=False, normalize_method=zscore, transformation=False, transformation_method=yeo-johnson, handle_unknown_categorical=True, unknown_categorical_method=least_frequent, pca=False, pca_method=linear, pca_components=None, ignore_low_variance=False, combine_rare_levels=False, rare_level_threshold=0.1, bin_numeric_features=None, remove_outliers=False, outliers_threshold=0.05, remove_multicollinearity=False, multicollinearity_threshold=0.9, remove_perfect_collinearity=True, create_clusters=False, cluster_iter=20, polynomial_features=False, polynomial_degree=2, trigonometry_features=False, polynomial_threshold=0.1, group_features=None, group_names=None, feature_selection=False, feature_selection_threshold=0.8, feature_selection_method=classic, feature_interaction=False, feature_ratio=False, interaction_threshold=0.01, fix_imbalance=False, fix_imbalance_method=None, transform_target=False, transform_target_method=box-cox, data_split_shuffle=True, data_split_stratify=False, fold_strategy=kfold, fold=10, fold_shuffle=False, fold_groups=None, n_jobs=-1, use_gpu=False, custom_pipeline=None, html=True, session_id=None, log_experiment=False, experiment_name=None, log_plots=False, log_profile=False, log_data=False, silent=False, verbose=True, profile=False, profile_kwargs=None, display=None)
2021-12-28 19:35:53,685:INFO:Checking environment
2021-12-28 19:35:53,686:INFO:python_version: 3.8.12
2021-12-28 19:35:53,686:INFO:python_build: ('default', 'Oct 12 2021 03:01:40')
2021-12-28 19:35:53,686:INFO:machine: AMD64
2021-12-28 19:35:53,687:INFO:platform: Windows-10-10.0.19043-SP0
2021-12-28 19:35:53,687:INFO:Memory: svmem(total=8354422784, available=2178613248, percent=73.9, used=6175809536, free=2178613248)
2021-12-28 19:35:53,688:INFO:Physical Core: 4
2021-12-28 19:35:53,688:INFO:Logical Core: 8
2021-12-28 19:35:53,688:INFO:Checking libraries
2021-12-28 19:35:53,688:INFO:pd==1.3.4
2021-12-28 19:35:53,688:INFO:numpy==1.21.2
2021-12-28 19:35:53,688:INFO:sklearn==1.0.1
2021-12-28 19:35:55,598:INFO:xgboost==1.5.0
2021-12-28 19:35:55,598:INFO:lightgbm==3.3.1
2021-12-28 19:35:56,742:INFO:catboost==1.0.3
2021-12-28 19:36:04,240:INFO:mlflow==1.7.0
2021-12-28 19:36:04,240:INFO:Checking Exceptions
2021-12-28 19:36:04,240:INFO:Declaring global variables
2021-12-28 19:36:04,240:INFO:USI: 6854
2021-12-28 19:36:04,240:INFO:pycaret_globals: {'stratify_param', 'data_before_preprocess', 'fold_shuffle_param', '_ml_usecase', 'log_plots_param', 'gpu_param', '_internal_pipeline', 'pycaret_globals', 'USI', 'experiment__', '_all_models_internal', 'fix_imbalance_method_param', 'fold_groups_param', 'transform_target_param', 'y_train', 'display_container', 'master_model_container', 'imputation_regressor', 'n_jobs_param', 'create_model_container', 'transform_target_method_param', 'fold_generator', '_all_metrics', 'seed', 'prep_pipe', 'y', '_gpu_n_jobs_param', 'X_test', 'html_param', 'exp_name_log', 'logging_param', '_available_plots', 'target_param', 'iterative_imputation_iters_param', 'fix_imbalance_param', 'y_test', 'X_train', 'imputation_classifier', 'X', 'fold_param', '_all_models'}
2021-12-28 19:36:04,240:INFO:Preparing display monitor
2021-12-28 19:36:04,240:INFO:Preparing display monitor
2021-12-28 19:36:04,296:INFO:Importing libraries
2021-12-28 19:36:04,297:INFO:Copying data for preprocessing
2021-12-28 19:36:04,316:INFO:Declaring preprocessing parameters
2021-12-28 19:36:04,318:INFO:Creating preprocessing pipeline
2021-12-28 19:36:04,343:INFO:Preprocessing pipeline created successfully
2021-12-28 19:36:04,347:ERROR:(Process Exit): setup has been interupted with user command 'quit'. setup must rerun.
2021-12-28 19:36:04,347:INFO:Creating global containers
